{
"contracts/TheDadlessLibrary.sol":{"l":{"29":10,"30":10,"34":1,"35":1,"36":1,"48":10,"52":10,"56":10,"60":10,"61":10,"62":10,"63":10,"64":10,"65":10,"76":1,"81":1,"82":1,"87":8,"91":7,"93":7,"98":6,"99":6,"100":6,"101":6,"102":6,"107":2,"111":1,"112":1,"113":1,"114":1,"118":1,"119":1,"121":1,"122":1,"126":1,"127":1,"128":1,"130":1,"131":1,"132":1,"135":1,"139":1,"140":1,"141":1,"143":1,"148":0},"path":"/home/ser-orphan/Workspace/NFT WORK/limeAcadamy/theLernTrainGoChooChoo/TheDadlessLibrary/contracts/TheDadlessLibrary.sol","s":{"1":10,"2":1,"3":1,"4":10,"5":10,"6":10,"7":10,"8":10,"9":10,"10":10,"11":10,"12":10,"13":1,"14":1,"15":1,"16":8,"17":7,"18":7,"19":6,"20":6,"21":6,"22":6,"23":6,"24":2,"25":1,"26":1,"27":1,"28":1,"29":1,"30":1,"31":1,"32":1,"33":1,"34":1,"35":1,"36":1,"37":1,"38":1,"39":1,"40":1,"41":1,"42":0},"b":{"1":[10,0],"2":[1,0],"3":[10,0],"4":[10,0],"5":[10,0],"6":[1,0],"7":[7,1],"8":[6,1],"9":[1,1],"10":[1,0],"11":[1,0]},"f":{"1":10,"2":1,"3":10,"4":1,"5":8,"6":2,"7":1,"8":1,"9":0},"fnMap":{"1":{"name":"bookExists","line":28,"loc":{"start":{"line":28,"column":4},"end":{"line":31,"column":4}}},"2":{"name":"bookCheck","line":33,"loc":{"start":{"line":33,"column":4},"end":{"line":37,"column":4}}},"3":{"name":"addNewBook","line":46,"loc":{"start":{"line":39,"column":4},"end":{"line":66,"column":4}}},"4":{"name":"addCopies","line":74,"loc":{"start":{"line":68,"column":4},"end":{"line":83,"column":4}}},"5":{"name":"borrowBook","line":86,"loc":{"start":{"line":86,"column":4},"end":{"line":104,"column":4}}},"6":{"name":"returnBook","line":106,"loc":{"start":{"line":106,"column":4},"end":{"line":115,"column":4}}},"7":{"name":"booksAvaliable","line":117,"loc":{"start":{"line":117,"column":4},"end":{"line":136,"column":4}}},"8":{"name":"whoHasTheBookIWant","line":138,"loc":{"start":{"line":138,"column":4},"end":{"line":144,"column":4}}},"9":{"name":"libraryTotalHistory","line":147,"loc":{"start":{"line":147,"column":4},"end":{"line":149,"column":4}}}},"statementMap":{"1":{"start":{"line":29,"column":8},"end":{"line":29,"column":57}},"2":{"start":{"line":34,"column":8},"end":{"line":34,"column":50}},"3":{"start":{"line":35,"column":8},"end":{"line":35,"column":67}},"4":{"start":{"line":48,"column":8},"end":{"line":48,"column":1187}},"5":{"start":{"line":52,"column":8},"end":{"line":52,"column":1292}},"6":{"start":{"line":56,"column":8},"end":{"line":56,"column":1399}},"7":{"start":{"line":60,"column":8},"end":{"line":60,"column":44}},"8":{"start":{"line":61,"column":8},"end":{"line":61,"column":27}},"9":{"start":{"line":62,"column":8},"end":{"line":62,"column":50}},"10":{"start":{"line":63,"column":8},"end":{"line":63,"column":24}},"11":{"start":{"line":64,"column":8},"end":{"line":64,"column":28}},"12":{"start":{"line":65,"column":8},"end":{"line":65,"column":38}},"13":{"start":{"line":76,"column":8},"end":{"line":76,"column":1900}},"14":{"start":{"line":81,"column":8},"end":{"line":81,"column":50}},"15":{"start":{"line":82,"column":8},"end":{"line":82,"column":57}},"16":{"start":{"line":87,"column":8},"end":{"line":87,"column":2175}},"17":{"start":{"line":91,"column":8},"end":{"line":91,"column":52}},"18":{"start":{"line":93,"column":8},"end":{"line":93,"column":2351}},"19":{"start":{"line":98,"column":8},"end":{"line":98,"column":48}},"20":{"start":{"line":99,"column":8},"end":{"line":99,"column":52}},"21":{"start":{"line":100,"column":8},"end":{"line":100,"column":58}},"22":{"start":{"line":101,"column":8},"end":{"line":101,"column":44}},"23":{"start":{"line":102,"column":8},"end":{"line":102,"column":41}},"24":{"start":{"line":107,"column":8},"end":{"line":107,"column":2777}},"25":{"start":{"line":111,"column":8},"end":{"line":111,"column":52}},"26":{"start":{"line":112,"column":8},"end":{"line":112,"column":42}},"27":{"start":{"line":113,"column":8},"end":{"line":113,"column":46}},"28":{"start":{"line":114,"column":8},"end":{"line":114,"column":53}},"29":{"start":{"line":118,"column":8},"end":{"line":118,"column":33}},"30":{"start":{"line":119,"column":8},"end":{"line":119,"column":3214}},"31":{"start":{"line":121,"column":12},"end":{"line":121,"column":3340}},"32":{"start":{"line":126,"column":8},"end":{"line":126,"column":59}},"33":{"start":{"line":127,"column":8},"end":{"line":127,"column":24}},"34":{"start":{"line":128,"column":8},"end":{"line":128,"column":3550}},"35":{"start":{"line":130,"column":12},"end":{"line":130,"column":3676}},"36":{"start":{"line":131,"column":16},"end":{"line":131,"column":37}},"37":{"start":{"line":135,"column":8},"end":{"line":135,"column":18}},"38":{"start":{"line":139,"column":8},"end":{"line":139,"column":80}},"39":{"start":{"line":140,"column":8},"end":{"line":140,"column":4044}},"40":{"start":{"line":141,"column":12},"end":{"line":141,"column":65}},"41":{"start":{"line":143,"column":8},"end":{"line":143,"column":19}},"42":{"start":{"line":148,"column":8},"end":{"line":148,"column":32}}},"branchMap":{"1":{"line":29,"type":"if","locations":[{"start":{"line":29,"column":8},"end":{"line":29,"column":8}},{"start":{"line":29,"column":8},"end":{"line":29,"column":8}}]},"2":{"line":35,"type":"if","locations":[{"start":{"line":35,"column":8},"end":{"line":35,"column":8}},{"start":{"line":35,"column":8},"end":{"line":35,"column":8}}]},"3":{"line":48,"type":"if","locations":[{"start":{"line":48,"column":8},"end":{"line":48,"column":8}},{"start":{"line":48,"column":8},"end":{"line":48,"column":8}}]},"4":{"line":52,"type":"if","locations":[{"start":{"line":52,"column":8},"end":{"line":52,"column":8}},{"start":{"line":52,"column":8},"end":{"line":52,"column":8}}]},"5":{"line":56,"type":"if","locations":[{"start":{"line":56,"column":8},"end":{"line":56,"column":8}},{"start":{"line":56,"column":8},"end":{"line":56,"column":8}}]},"6":{"line":76,"type":"if","locations":[{"start":{"line":76,"column":8},"end":{"line":76,"column":8}},{"start":{"line":76,"column":8},"end":{"line":76,"column":8}}]},"7":{"line":87,"type":"if","locations":[{"start":{"line":87,"column":8},"end":{"line":87,"column":8}},{"start":{"line":87,"column":8},"end":{"line":87,"column":8}}]},"8":{"line":93,"type":"if","locations":[{"start":{"line":93,"column":8},"end":{"line":93,"column":8}},{"start":{"line":93,"column":8},"end":{"line":93,"column":8}}]},"9":{"line":107,"type":"if","locations":[{"start":{"line":107,"column":8},"end":{"line":107,"column":8}},{"start":{"line":107,"column":8},"end":{"line":107,"column":8}}]},"10":{"line":121,"type":"if","locations":[{"start":{"line":121,"column":12},"end":{"line":121,"column":12}},{"start":{"line":121,"column":12},"end":{"line":121,"column":12}}]},"11":{"line":130,"type":"if","locations":[{"start":{"line":130,"column":12},"end":{"line":130,"column":12}},{"start":{"line":130,"column":12},"end":{"line":130,"column":12}}]}}}}
