TN:
SF:/home/ser-orphan/Workspace/NFT WORK/limeAcadamy/theLernTrainGoChooChoo/TheDadlessLibrary/contracts/TheDadlessLibrary.sol
FN:28,bookExists
FN:33,bookCheck
FN:46,addNewBook
FN:74,addCopies
FN:86,borrowBook
FN:106,returnBook
FN:117,booksAvaliable
FN:138,whoHasTheBookIWant
FN:147,libraryTotalHistory
FNF:9
FNH:8
FNDA:10,bookExists
FNDA:1,bookCheck
FNDA:10,addNewBook
FNDA:1,addCopies
FNDA:8,borrowBook
FNDA:2,returnBook
FNDA:1,booksAvaliable
FNDA:1,whoHasTheBookIWant
FNDA:0,libraryTotalHistory
DA:29,10
DA:30,10
DA:34,1
DA:35,1
DA:36,1
DA:48,10
DA:52,10
DA:56,10
DA:60,10
DA:61,10
DA:62,10
DA:63,10
DA:64,10
DA:65,10
DA:76,1
DA:81,1
DA:82,1
DA:87,8
DA:91,7
DA:93,7
DA:98,6
DA:99,6
DA:100,6
DA:101,6
DA:102,6
DA:107,2
DA:111,1
DA:112,1
DA:113,1
DA:114,1
DA:118,1
DA:119,1
DA:121,1
DA:122,1
DA:126,1
DA:127,1
DA:128,1
DA:130,1
DA:131,1
DA:132,1
DA:135,1
DA:139,1
DA:140,1
DA:141,1
DA:143,1
DA:148,0
LF:46
LH:45
BRDA:29,1,0,10
BRDA:29,1,1,0
BRDA:35,2,0,1
BRDA:35,2,1,0
BRDA:48,3,0,10
BRDA:48,3,1,0
BRDA:52,4,0,10
BRDA:52,4,1,0
BRDA:56,5,0,10
BRDA:56,5,1,0
BRDA:76,6,0,1
BRDA:76,6,1,0
BRDA:87,7,0,7
BRDA:87,7,1,1
BRDA:93,8,0,6
BRDA:93,8,1,1
BRDA:107,9,0,1
BRDA:107,9,1,1
BRDA:121,10,0,1
BRDA:121,10,1,0
BRDA:130,11,0,1
BRDA:130,11,1,0
BRF:22
BRH:14
end_of_record
