TN:
SF:/home/ser-orphan/Workspace/NFT WORK/limeAcadamy/theLernTrainGoChooChoo/TheDadlessLibrary/contracts/TheDadlessLibrary.sol
FN:28,bookExists
FN:33,bookCheck
FN:46,addNewBook
FN:74,addCopies
FN:86,borrowBook
FN:106,returnBook
FN:117,booksAvaliable
FN:138,whoHasTheBookIWant
FN:147,libraryTotalHistory
FNF:9
FNH:9
FNDA:11,bookExists
FNDA:1,bookCheck
FNDA:11,addNewBook
FNDA:1,addCopies
FNDA:9,borrowBook
FNDA:3,returnBook
FNDA:1,booksAvaliable
FNDA:1,whoHasTheBookIWant
FNDA:1,libraryTotalHistory
DA:29,11
DA:30,11
DA:34,1
DA:35,1
DA:36,1
DA:48,11
DA:52,11
DA:56,11
DA:60,11
DA:61,11
DA:62,11
DA:63,11
DA:64,11
DA:65,11
DA:76,1
DA:81,1
DA:82,1
DA:87,9
DA:91,8
DA:93,8
DA:98,7
DA:99,7
DA:100,7
DA:101,7
DA:102,7
DA:107,3
DA:111,2
DA:112,2
DA:113,2
DA:114,2
DA:118,1
DA:119,1
DA:121,1
DA:122,1
DA:126,1
DA:127,1
DA:128,1
DA:130,1
DA:131,1
DA:132,1
DA:135,1
DA:139,1
DA:140,1
DA:141,1
DA:143,1
DA:148,1
LF:46
LH:46
BRDA:29,1,0,11
BRDA:29,1,1,0
BRDA:35,2,0,1
BRDA:35,2,1,0
BRDA:48,3,0,11
BRDA:48,3,1,0
BRDA:52,4,0,11
BRDA:52,4,1,0
BRDA:56,5,0,11
BRDA:56,5,1,0
BRDA:76,6,0,1
BRDA:76,6,1,0
BRDA:87,7,0,8
BRDA:87,7,1,1
BRDA:93,8,0,7
BRDA:93,8,1,1
BRDA:107,9,0,2
BRDA:107,9,1,1
BRDA:121,10,0,1
BRDA:121,10,1,0
BRDA:130,11,0,1
BRDA:130,11,1,0
BRF:22
BRH:14
end_of_record
